<?xml version="1.0" encoding="UTF-8"?>
<robot generator="Robot 6.1.1 (Python 3.10.12 on linux)" generated="20241118 02:39:56.165" rpa="false" schemaversion="4">
<suite id="s1" name="Register" source="/home/vjlampis/palautusrepositorio/viikko3/web-login/src/tests/register.robot">
<kw name="Open And Configure Browser" library="resource" type="SETUP">
<if>
<branch type="IF" condition="$BROWSER == 'chrome'">
<kw name="Evaluate" library="BuiltIn">
<var>${options}</var>
<arg>sys.modules['selenium.webdriver'].ChromeOptions()</arg>
<arg>sys</arg>
<doc>Evaluates the given expression in Python and returns the result.</doc>
<status status="NOT RUN" starttime="20241118 02:39:56.424" endtime="20241118 02:39:56.424"/>
</kw>
<status status="NOT RUN" starttime="20241118 02:39:56.409" endtime="20241118 02:39:56.424"/>
</branch>
<branch type="ELSE IF" condition="$BROWSER == 'firefox'">
<kw name="Evaluate" library="BuiltIn">
<var>${options}</var>
<arg>sys.modules['selenium.webdriver'].FirefoxOptions()</arg>
<arg>sys</arg>
<doc>Evaluates the given expression in Python and returns the result.</doc>
<msg timestamp="20241118 02:39:56.425" level="INFO">${options} = &lt;selenium.webdriver.firefox.options.Options object at 0x70312c5921d0&gt;</msg>
<status status="PASS" starttime="20241118 02:39:56.424" endtime="20241118 02:39:56.425"/>
</kw>
<status status="PASS" starttime="20241118 02:39:56.424" endtime="20241118 02:39:56.425"/>
</branch>
<status status="PASS" starttime="20241118 02:39:56.409" endtime="20241118 02:39:56.425"/>
</if>
<if>
<branch type="IF" condition="$HEADLESS == 'true'">
<kw name="Set Selenium Speed" library="SeleniumLibrary">
<arg>0</arg>
<doc>Sets the delay that is waited after each Selenium command.</doc>
<status status="NOT RUN" starttime="20241118 02:39:56.425" endtime="20241118 02:39:56.425"/>
</kw>
<kw name="Call Method" library="BuiltIn">
<arg>${options}</arg>
<arg>add_argument</arg>
<arg>--headless</arg>
<doc>Calls the named method of the given object with the provided arguments.</doc>
<status status="NOT RUN" starttime="20241118 02:39:56.425" endtime="20241118 02:39:56.425"/>
</kw>
<status status="NOT RUN" starttime="20241118 02:39:56.425" endtime="20241118 02:39:56.425"/>
</branch>
<branch type="ELSE">
<kw name="Set Selenium Speed" library="SeleniumLibrary">
<arg>${DELAY}</arg>
<doc>Sets the delay that is waited after each Selenium command.</doc>
<status status="PASS" starttime="20241118 02:39:56.425" endtime="20241118 02:39:56.426"/>
</kw>
<status status="PASS" starttime="20241118 02:39:56.425" endtime="20241118 02:39:56.426"/>
</branch>
<status status="PASS" starttime="20241118 02:39:56.425" endtime="20241118 02:39:56.426"/>
</if>
<kw name="Open Browser" library="SeleniumLibrary">
<arg>browser=${BROWSER}</arg>
<arg>options=${options}</arg>
<doc>Opens a new browser instance to the optional ``url``.</doc>
<msg timestamp="20241118 02:39:56.426" level="INFO">Opening browser 'firefox' to base url 'None'.</msg>
<status status="PASS" starttime="20241118 02:39:56.426" endtime="20241118 02:39:59.375"/>
</kw>
<status status="PASS" starttime="20241118 02:39:56.408" endtime="20241118 02:39:59.375"/>
</kw>
<test id="s1-t1" name="Login After Failed Registration" line="69">
<kw name="Reset Application Create User And Go To Register Page" type="SETUP">
<kw name="Reset Application" library="AppLibrary">
<status status="PASS" starttime="20241118 02:39:59.377" endtime="20241118 02:39:59.382"/>
</kw>
<kw name="Go To Register Page" library="resource">
<kw name="Go To" library="SeleniumLibrary">
<arg>${REGISTER_URL}</arg>
<doc>Navigates the current browser window to the provided ``url``.</doc>
<msg timestamp="20241118 02:39:59.383" level="INFO">Opening url 'http://localhost:5001/register'</msg>
<status status="PASS" starttime="20241118 02:39:59.383" endtime="20241118 02:39:59.977"/>
</kw>
<status status="PASS" starttime="20241118 02:39:59.382" endtime="20241118 02:39:59.977"/>
</kw>
<status status="PASS" starttime="20241118 02:39:59.376" endtime="20241118 02:39:59.978"/>
</kw>
<kw name="Set Username">
<arg>kalle</arg>
<kw name="Input Text" library="SeleniumLibrary">
<arg>username</arg>
<arg>${username}</arg>
<doc>Types the given ``text`` into the text field identified by ``locator``.</doc>
<msg timestamp="20241118 02:39:59.981" level="INFO">Typing text 'kalle' into text field 'username'.</msg>
<status status="PASS" starttime="20241118 02:39:59.979" endtime="20241118 02:40:01.596"/>
</kw>
<status status="PASS" starttime="20241118 02:39:59.978" endtime="20241118 02:40:01.597"/>
</kw>
<kw name="Set Password">
<arg>kalle</arg>
<kw name="Input Password" library="SeleniumLibrary">
<arg>password</arg>
<arg>${password}</arg>
<doc>Types the given password into the text field identified by ``locator``.</doc>
<msg timestamp="20241118 02:40:01.600" level="INFO">Typing password into text field 'password'.</msg>
<msg timestamp="20241118 02:40:02.618" level="INFO">Temporally setting log level to: NONE</msg>
<msg timestamp="20241118 02:40:03.134" level="INFO">Log level changed from NONE to INFO.</msg>
<status status="PASS" starttime="20241118 02:40:01.599" endtime="20241118 02:40:03.134"/>
</kw>
<status status="PASS" starttime="20241118 02:40:01.597" endtime="20241118 02:40:03.135"/>
</kw>
<kw name="Set Password Confirmation">
<arg>kalle</arg>
<kw name="Input Password" library="SeleniumLibrary">
<arg>password_confirmation</arg>
<arg>${password}</arg>
<doc>Types the given password into the text field identified by ``locator``.</doc>
<msg timestamp="20241118 02:40:03.138" level="INFO">Typing password into text field 'password_confirmation'.</msg>
<msg timestamp="20241118 02:40:04.155" level="INFO">Temporally setting log level to: NONE</msg>
<msg timestamp="20241118 02:40:04.674" level="INFO">Log level changed from NONE to INFO.</msg>
<status status="PASS" starttime="20241118 02:40:03.137" endtime="20241118 02:40:04.675"/>
</kw>
<status status="PASS" starttime="20241118 02:40:03.135" endtime="20241118 02:40:04.675"/>
</kw>
<kw name="Submit Credentials">
<kw name="Click Button" library="SeleniumLibrary">
<arg>Register</arg>
<doc>Clicks the button identified by ``locator``.</doc>
<msg timestamp="20241118 02:40:04.678" level="INFO">Clicking button 'Register'.</msg>
<status status="PASS" starttime="20241118 02:40:04.677" endtime="20241118 02:40:06.775"/>
</kw>
<status status="PASS" starttime="20241118 02:40:04.676" endtime="20241118 02:40:06.776"/>
</kw>
<kw name="Go To Login Page" library="resource">
<kw name="Go To" library="SeleniumLibrary">
<arg>${LOGIN_URL}</arg>
<doc>Navigates the current browser window to the provided ``url``.</doc>
<msg timestamp="20241118 02:40:06.778" level="INFO">Opening url 'http://localhost:5001/login'</msg>
<status status="PASS" starttime="20241118 02:40:06.777" endtime="20241118 02:40:07.333"/>
</kw>
<status status="PASS" starttime="20241118 02:40:06.776" endtime="20241118 02:40:07.333"/>
</kw>
<kw name="Set Username">
<arg>kalle</arg>
<kw name="Input Text" library="SeleniumLibrary">
<arg>username</arg>
<arg>${username}</arg>
<doc>Types the given ``text`` into the text field identified by ``locator``.</doc>
<msg timestamp="20241118 02:40:07.337" level="INFO">Typing text 'kalle' into text field 'username'.</msg>
<status status="PASS" starttime="20241118 02:40:07.335" endtime="20241118 02:40:08.884"/>
</kw>
<status status="PASS" starttime="20241118 02:40:07.334" endtime="20241118 02:40:08.884"/>
</kw>
<kw name="Set Password">
<arg>kalle</arg>
<kw name="Input Password" library="SeleniumLibrary">
<arg>password</arg>
<arg>${password}</arg>
<doc>Types the given password into the text field identified by ``locator``.</doc>
<msg timestamp="20241118 02:40:08.888" level="INFO">Typing password into text field 'password'.</msg>
<msg timestamp="20241118 02:40:09.906" level="INFO">Temporally setting log level to: NONE</msg>
<msg timestamp="20241118 02:40:10.425" level="INFO">Log level changed from NONE to INFO.</msg>
<status status="PASS" starttime="20241118 02:40:08.886" endtime="20241118 02:40:10.425"/>
</kw>
<status status="PASS" starttime="20241118 02:40:08.885" endtime="20241118 02:40:10.425"/>
</kw>
<kw name="Click Button" library="SeleniumLibrary">
<arg>Login</arg>
<doc>Clicks the button identified by ``locator``.</doc>
<msg timestamp="20241118 02:40:10.426" level="INFO">Clicking button 'Login'.</msg>
<status status="PASS" starttime="20241118 02:40:10.425" endtime="20241118 02:40:12.532"/>
</kw>
<kw name="Login Should Fail With Message">
<arg>Invalid username or password</arg>
<kw name="Login Page Should Be Open" library="resource">
<kw name="Title Should Be" library="SeleniumLibrary">
<arg>Login</arg>
<doc>Verifies that the current page title equals ``title``.</doc>
<msg timestamp="20241118 02:40:13.041" level="INFO">Page title is 'Login'.</msg>
<status status="PASS" starttime="20241118 02:40:12.535" endtime="20241118 02:40:13.042"/>
</kw>
<status status="PASS" starttime="20241118 02:40:12.534" endtime="20241118 02:40:13.042"/>
</kw>
<kw name="Page Should Contain" library="SeleniumLibrary">
<arg>${message}</arg>
<doc>Verifies that current page contains ``text``.</doc>
<msg timestamp="20241118 02:40:14.063" level="INFO">Current page contains text 'Invalid username or password'.</msg>
<status status="PASS" starttime="20241118 02:40:13.043" endtime="20241118 02:40:14.064"/>
</kw>
<status status="PASS" starttime="20241118 02:40:12.533" endtime="20241118 02:40:14.064"/>
</kw>
<status status="PASS" starttime="20241118 02:39:59.375" endtime="20241118 02:40:14.065"/>
</test>
<kw name="Close Browser" library="SeleniumLibrary" type="TEARDOWN">
<doc>Closes the current browser.</doc>
<status status="PASS" starttime="20241118 02:40:14.067" endtime="20241118 02:40:15.363"/>
</kw>
<status status="PASS" starttime="20241118 02:39:56.166" endtime="20241118 02:40:15.363"/>
</suite>
<statistics>
<total>
<stat pass="1" fail="0" skip="0">All Tests</stat>
</total>
<tag>
</tag>
<suite>
<stat pass="1" fail="0" skip="0" id="s1" name="Register">Register</stat>
</suite>
</statistics>
<errors>
</errors>
</robot>
